2021-05-07 14:38:27,127 [INFO] {'log_path': './log/', 'save_path': './ckpt/8_dim_quad/h128_s50_srnn/', 'batch_size': 128, 'hidden_size': 128, 'num_layers': 2, 'batch_norm': False, 'reuse': False, 'num_epochs': 50000, 'log_period': 100, 'evaluation_period': 1000, 'evaluation_epochs': 20, 'reaction_type': 'quad', 'norm_cov': 0.3, 'constraints': False, 'num_params': 3, 'instrument_error': None, 'num_steps': 50, 'unroll_length': 50, 'learning_rate': 0.001, 'optimizer': 'Adam', 'loss_type': 'oi', 'discount_factor': 0.97, 'opt_direction': 'min', 'policy': 'srnn', 'trainable_init': True}
2021-05-07 14:39:17,868 [INFO] {'log_path': './log/', 'save_path': './ckpt/8_dim_quad/h128_s50_srnn/', 'batch_size': 128, 'hidden_size': 128, 'num_layers': 2, 'batch_norm': False, 'reuse': False, 'num_epochs': 50000, 'log_period': 100, 'evaluation_period': 1000, 'evaluation_epochs': 20, 'reaction_type': 'quad', 'norm_cov': 0.3, 'constraints': False, 'num_params': 3, 'instrument_error': None, 'num_steps': 50, 'unroll_length': 50, 'learning_rate': 0.001, 'optimizer': 'Adam', 'loss_type': 'oi', 'discount_factor': 0.97, 'opt_direction': 'min', 'policy': 'srnn', 'trainable_init': True}
2021-05-07 14:40:31,400 [INFO] {'log_path': './log/', 'save_path': './ckpt/8_dim_quad/h128_s50_srnn/', 'batch_size': 128, 'hidden_size': 128, 'num_layers': 2, 'batch_norm': False, 'reuse': False, 'num_epochs': 50000, 'log_period': 100, 'evaluation_period': 1000, 'evaluation_epochs': 20, 'reaction_type': 'quad', 'norm_cov': 0.3, 'constraints': False, 'num_params': 3, 'instrument_error': None, 'num_steps': 50, 'unroll_length': 50, 'learning_rate': 0.001, 'optimizer': 'Adam', 'loss_type': 'oi', 'discount_factor': 0.97, 'opt_direction': 'min', 'policy': 'srnn', 'trainable_init': True}
2021-05-07 14:40:59,814 [INFO] {'log_path': './log/', 'save_path': './ckpt/8_dim_quad/h128_s50_srnn/', 'batch_size': 128, 'hidden_size': 128, 'num_layers': 2, 'batch_norm': False, 'reuse': False, 'num_epochs': 50000, 'log_period': 100, 'evaluation_period': 1000, 'evaluation_epochs': 20, 'reaction_type': 'quad', 'norm_cov': 0.3, 'constraints': False, 'num_params': 3, 'instrument_error': None, 'num_steps': 50, 'unroll_length': 50, 'learning_rate': 0.001, 'optimizer': 'Adam', 'loss_type': 'oi', 'discount_factor': 0.97, 'opt_direction': 'min', 'policy': 'srnn', 'trainable_init': True}
2021-05-07 14:41:33,469 [INFO] {'log_path': './log/', 'save_path': './ckpt/8_dim_quad/h128_s50_srnn/', 'batch_size': 128, 'hidden_size': 128, 'num_layers': 2, 'batch_norm': False, 'reuse': False, 'num_epochs': 50000, 'log_period': 100, 'evaluation_period': 1000, 'evaluation_epochs': 20, 'reaction_type': 'quad', 'norm_cov': 0.3, 'constraints': False, 'num_params': 3, 'instrument_error': None, 'num_steps': 50, 'unroll_length': 50, 'learning_rate': 0.001, 'optimizer': 'Adam', 'loss_type': 'oi', 'discount_factor': 0.97, 'opt_direction': 'min', 'policy': 'srnn', 'trainable_init': True}
2021-05-07 14:41:39,252 [INFO] {'log_path': './log/', 'save_path': './ckpt/8_dim_quad/h128_s50_srnn/', 'batch_size': 128, 'hidden_size': 128, 'num_layers': 2, 'batch_norm': False, 'reuse': False, 'num_epochs': 50000, 'log_period': 100, 'evaluation_period': 1000, 'evaluation_epochs': 20, 'reaction_type': 'quad', 'norm_cov': 0.3, 'constraints': False, 'num_params': 3, 'instrument_error': None, 'num_steps': 50, 'unroll_length': 50, 'learning_rate': 0.001, 'optimizer': 'Adam', 'loss_type': 'oi', 'discount_factor': 0.97, 'opt_direction': 'min', 'policy': 'srnn', 'trainable_init': True}
2021-05-07 14:42:36,352 [INFO] {'log_path': './log/', 'save_path': './ckpt/8_dim_quad/h128_s50_srnn/', 'batch_size': 128, 'hidden_size': 128, 'num_layers': 2, 'batch_norm': False, 'reuse': False, 'num_epochs': 50000, 'log_period': 100, 'evaluation_period': 1000, 'evaluation_epochs': 20, 'reaction_type': 'quad', 'norm_cov': 0.3, 'constraints': False, 'num_params': 3, 'instrument_error': None, 'num_steps': 50, 'unroll_length': 50, 'learning_rate': 0.001, 'optimizer': 'Adam', 'loss_type': 'oi', 'discount_factor': 0.97, 'opt_direction': 'min', 'policy': 'srnn', 'trainable_init': True}
2021-05-07 14:43:17,771 [INFO] {'log_path': './log/', 'save_path': './ckpt/8_dim_quad/h128_s50_srnn/', 'batch_size': 128, 'hidden_size': 128, 'num_layers': 2, 'batch_norm': False, 'reuse': False, 'num_epochs': 50000, 'log_period': 100, 'evaluation_period': 1000, 'evaluation_epochs': 20, 'reaction_type': 'quad', 'norm_cov': 0.3, 'constraints': False, 'num_params': 3, 'instrument_error': None, 'num_steps': 50, 'unroll_length': 50, 'learning_rate': 0.001, 'optimizer': 'Adam', 'loss_type': 'oi', 'discount_factor': 0.97, 'opt_direction': 'min', 'policy': 'srnn', 'trainable_init': True}
2021-05-07 14:43:43,207 [INFO] {'log_path': './log/', 'save_path': './ckpt/8_dim_quad/h128_s50_srnn/', 'batch_size': 128, 'hidden_size': 128, 'num_layers': 2, 'batch_norm': False, 'reuse': False, 'num_epochs': 50000, 'log_period': 100, 'evaluation_period': 1000, 'evaluation_epochs': 20, 'reaction_type': 'quad', 'norm_cov': 0.3, 'constraints': False, 'num_params': 3, 'instrument_error': None, 'num_steps': 50, 'unroll_length': 50, 'learning_rate': 0.001, 'optimizer': 'Adam', 'loss_type': 'oi', 'discount_factor': 0.97, 'opt_direction': 'min', 'policy': 'srnn', 'trainable_init': True}
2021-05-07 14:43:43,222 [WARNING] `tf.nn.rnn_cell.MultiRNNCell` is deprecated. This class is equivalent as `tf.keras.layers.StackedRNNCells`, and will be replaced by that in Tensorflow 2.0.
2021-05-07 14:44:16,852 [INFO] {'log_path': './log/', 'save_path': './ckpt/8_dim_quad/h128_s50_srnn/', 'batch_size': 128, 'hidden_size': 128, 'num_layers': 2, 'batch_norm': False, 'reuse': False, 'num_epochs': 50000, 'log_period': 100, 'evaluation_period': 1000, 'evaluation_epochs': 20, 'reaction_type': 'quad', 'norm_cov': 0.3, 'constraints': False, 'num_params': 3, 'instrument_error': None, 'num_steps': 50, 'unroll_length': 50, 'learning_rate': 0.001, 'optimizer': 'Adam', 'loss_type': 'oi', 'discount_factor': 0.97, 'opt_direction': 'min', 'policy': 'srnn', 'trainable_init': True}
2021-05-07 14:44:16,867 [WARNING] `tf.nn.rnn_cell.MultiRNNCell` is deprecated. This class is equivalent as `tf.keras.layers.StackedRNNCells`, and will be replaced by that in Tensorflow 2.0.
2021-05-07 14:44:33,437 [INFO] {'log_path': './log/', 'save_path': './ckpt/8_dim_quad/h128_s50_srnn/', 'batch_size': 128, 'hidden_size': 128, 'num_layers': 2, 'batch_norm': False, 'reuse': False, 'num_epochs': 50000, 'log_period': 100, 'evaluation_period': 1000, 'evaluation_epochs': 20, 'reaction_type': 'quad', 'norm_cov': 0.3, 'constraints': False, 'num_params': 3, 'instrument_error': None, 'num_steps': 50, 'unroll_length': 50, 'learning_rate': 0.001, 'optimizer': 'Adam', 'loss_type': 'oi', 'discount_factor': 0.97, 'opt_direction': 'min', 'policy': 'srnn', 'trainable_init': True}
2021-05-07 14:44:33,453 [WARNING] `tf.nn.rnn_cell.MultiRNNCell` is deprecated. This class is equivalent as `tf.keras.layers.StackedRNNCells`, and will be replaced by that in Tensorflow 2.0.
2021-05-07 14:45:52,395 [INFO] {'log_path': './log/', 'save_path': './ckpt/8_dim_quad/h128_s50_srnn/', 'batch_size': 128, 'hidden_size': 128, 'num_layers': 2, 'batch_norm': False, 'reuse': False, 'num_epochs': 50000, 'log_period': 100, 'evaluation_period': 1000, 'evaluation_epochs': 20, 'reaction_type': 'quad', 'norm_cov': 0.3, 'constraints': False, 'num_params': 3, 'instrument_error': None, 'num_steps': 50, 'unroll_length': 50, 'learning_rate': 0.001, 'optimizer': 'Adam', 'loss_type': 'oi', 'discount_factor': 0.97, 'opt_direction': 'min', 'policy': 'srnn', 'trainable_init': True}
2021-05-07 14:45:52,410 [WARNING] `tf.nn.rnn_cell.MultiRNNCell` is deprecated. This class is equivalent as `tf.keras.layers.StackedRNNCells`, and will be replaced by that in Tensorflow 2.0.
2021-05-07 14:46:15,549 [INFO] {'log_path': './log/', 'save_path': './ckpt/8_dim_quad/h128_s50_srnn/', 'batch_size': 128, 'hidden_size': 128, 'num_layers': 2, 'batch_norm': False, 'reuse': False, 'num_epochs': 50000, 'log_period': 100, 'evaluation_period': 1000, 'evaluation_epochs': 20, 'reaction_type': 'quad', 'norm_cov': 0.3, 'constraints': False, 'num_params': 3, 'instrument_error': None, 'num_steps': 50, 'unroll_length': 50, 'learning_rate': 0.001, 'optimizer': 'Adam', 'loss_type': 'oi', 'discount_factor': 0.97, 'opt_direction': 'min', 'policy': 'srnn', 'trainable_init': True}
2021-05-07 14:46:15,564 [WARNING] `tf.nn.rnn_cell.MultiRNNCell` is deprecated. This class is equivalent as `tf.keras.layers.StackedRNNCells`, and will be replaced by that in Tensorflow 2.0.
2021-05-07 14:46:39,532 [INFO] {'log_path': './log/', 'save_path': './ckpt/8_dim_quad/h128_s50_srnn/', 'batch_size': 128, 'hidden_size': 128, 'num_layers': 2, 'batch_norm': False, 'reuse': False, 'num_epochs': 50000, 'log_period': 100, 'evaluation_period': 1000, 'evaluation_epochs': 20, 'reaction_type': 'quad', 'norm_cov': 0.3, 'constraints': False, 'num_params': 3, 'instrument_error': None, 'num_steps': 50, 'unroll_length': 50, 'learning_rate': 0.001, 'optimizer': 'Adam', 'loss_type': 'oi', 'discount_factor': 0.97, 'opt_direction': 'min', 'policy': 'srnn', 'trainable_init': True}
2021-05-07 14:46:39,547 [WARNING] `tf.nn.rnn_cell.MultiRNNCell` is deprecated. This class is equivalent as `tf.keras.layers.StackedRNNCells`, and will be replaced by that in Tensorflow 2.0.
2021-05-07 14:47:39,328 [INFO] {'log_path': './log/', 'save_path': './ckpt/8_dim_quad/h128_s50_srnn/', 'batch_size': 128, 'hidden_size': 128, 'num_layers': 2, 'batch_norm': False, 'reuse': False, 'num_epochs': 50000, 'log_period': 100, 'evaluation_period': 1000, 'evaluation_epochs': 20, 'reaction_type': 'quad', 'norm_cov': 0.3, 'constraints': False, 'num_params': 3, 'instrument_error': None, 'num_steps': 50, 'unroll_length': 50, 'learning_rate': 0.001, 'optimizer': 'Adam', 'loss_type': 'oi', 'discount_factor': 0.97, 'opt_direction': 'min', 'policy': 'srnn', 'trainable_init': True}
2021-05-07 14:47:39,343 [WARNING] `tf.nn.rnn_cell.MultiRNNCell` is deprecated. This class is equivalent as `tf.keras.layers.StackedRNNCells`, and will be replaced by that in Tensorflow 2.0.
2021-05-07 14:48:37,554 [INFO] {'log_path': './log/', 'save_path': './ckpt/8_dim_quad/h128_s50_srnn/', 'batch_size': 128, 'hidden_size': 128, 'num_layers': 2, 'batch_norm': False, 'reuse': False, 'num_epochs': 50000, 'log_period': 100, 'evaluation_period': 1000, 'evaluation_epochs': 20, 'reaction_type': 'quad', 'norm_cov': 0.3, 'constraints': False, 'num_params': 3, 'instrument_error': None, 'num_steps': 50, 'unroll_length': 50, 'learning_rate': 0.001, 'optimizer': 'Adam', 'loss_type': 'oi', 'discount_factor': 0.97, 'opt_direction': 'min', 'policy': 'srnn', 'trainable_init': True}
2021-05-07 14:48:37,569 [WARNING] `tf.nn.rnn_cell.MultiRNNCell` is deprecated. This class is equivalent as `tf.keras.layers.StackedRNNCells`, and will be replaced by that in Tensorflow 2.0.
2021-05-07 16:16:19,715 [INFO] {'log_path': './log/', 'save_path': './ckpt/8_dim_quad/h128_s50_srnn/', 'batch_size': 128, 'hidden_size': 128, 'num_layers': 2, 'batch_norm': False, 'reuse': False, 'num_epochs': 50000, 'log_period': 100, 'evaluation_period': 1000, 'evaluation_epochs': 20, 'reaction_type': 'quad', 'norm_cov': 0.3, 'constraints': False, 'num_params': 3, 'instrument_error': None, 'num_steps': 50, 'unroll_length': 50, 'learning_rate': 0.001, 'optimizer': 'Adam', 'loss_type': 'oi', 'discount_factor': 0.97, 'opt_direction': 'min', 'policy': 'srnn', 'trainable_init': True}
2021-05-07 16:16:19,733 [WARNING] `tf.nn.rnn_cell.MultiRNNCell` is deprecated. This class is equivalent as `tf.keras.layers.StackedRNNCells`, and will be replaced by that in Tensorflow 2.0.
2021-05-07 16:22:37,732 [INFO] {'log_path': './log/', 'save_path': './ckpt/8_dim_quad/h128_s50_srnn/', 'batch_size': 128, 'hidden_size': 128, 'num_layers': 2, 'batch_norm': False, 'reuse': False, 'num_epochs': 50000, 'log_period': 100, 'evaluation_period': 1000, 'evaluation_epochs': 20, 'reaction_type': 'quad', 'norm_cov': 0.3, 'constraints': False, 'num_params': 3, 'instrument_error': None, 'num_steps': 50, 'unroll_length': 50, 'learning_rate': 0.001, 'optimizer': 'Adam', 'loss_type': 'oi', 'discount_factor': 0.97, 'opt_direction': 'min', 'policy': 'srnn', 'trainable_init': True}
2021-05-07 16:22:37,749 [WARNING] `tf.nn.rnn_cell.MultiRNNCell` is deprecated. This class is equivalent as `tf.keras.layers.StackedRNNCells`, and will be replaced by that in Tensorflow 2.0.
2021-05-07 16:22:37,776 [WARNING] From /Users/theorabut/miniforge3/envs/env-py3.8/lib/python3.8/site-packages/tensorflow/python/ops/linalg/linear_operator_lower_triangular.py:159: calling LinearOperator.__init__ (from tensorflow.python.ops.linalg.linear_operator) with graph_parents is deprecated and will be removed in a future version.
Instructions for updating:
Do not pass `graph_parents`.  They will  no longer be used.
2021-05-07 16:22:37,777 [WARNING] From /Users/theorabut/miniforge3/envs/env-py3.8/lib/python3.8/site-packages/tensorflow_probability/python/bijectors/affine_linear_operator.py:116: LinearOperator.graph_parents (from tensorflow.python.ops.linalg.linear_operator) is deprecated and will be removed in a future version.
Instructions for updating:
Do not call `graph_parents`.
2021-05-07 16:26:43,254 [INFO] {'log_path': './log/', 'save_path': './ckpt/8_dim_quad/h128_s50_srnn/', 'batch_size': 128, 'hidden_size': 128, 'num_layers': 2, 'batch_norm': False, 'reuse': False, 'num_epochs': 50000, 'log_period': 100, 'evaluation_period': 1000, 'evaluation_epochs': 20, 'reaction_type': 'quad', 'norm_cov': 0.3, 'constraints': False, 'num_params': 3, 'instrument_error': None, 'num_steps': 50, 'unroll_length': 50, 'learning_rate': 0.001, 'optimizer': 'Adam', 'loss_type': 'oi', 'discount_factor': 0.97, 'opt_direction': 'min', 'policy': 'srnn', 'trainable_init': True}
2021-05-07 16:26:43,270 [WARNING] `tf.nn.rnn_cell.MultiRNNCell` is deprecated. This class is equivalent as `tf.keras.layers.StackedRNNCells`, and will be replaced by that in Tensorflow 2.0.
2021-05-07 16:26:43,296 [WARNING] From /Users/theorabut/miniforge3/envs/env-py3.8/lib/python3.8/site-packages/tensorflow/python/ops/linalg/linear_operator_lower_triangular.py:159: calling LinearOperator.__init__ (from tensorflow.python.ops.linalg.linear_operator) with graph_parents is deprecated and will be removed in a future version.
Instructions for updating:
Do not pass `graph_parents`.  They will  no longer be used.
2021-05-07 16:26:43,298 [WARNING] From /Users/theorabut/miniforge3/envs/env-py3.8/lib/python3.8/site-packages/tensorflow_probability/python/bijectors/affine_linear_operator.py:116: LinearOperator.graph_parents (from tensorflow.python.ops.linalg.linear_operator) is deprecated and will be removed in a future version.
Instructions for updating:
Do not call `graph_parents`.
2021-05-07 16:27:02,733 [INFO] {'log_path': './log/', 'save_path': './ckpt/8_dim_quad/h128_s50_srnn/', 'batch_size': 128, 'hidden_size': 128, 'num_layers': 2, 'batch_norm': False, 'reuse': False, 'num_epochs': 50000, 'log_period': 100, 'evaluation_period': 1000, 'evaluation_epochs': 20, 'reaction_type': 'quad', 'norm_cov': 0.3, 'constraints': False, 'num_params': 3, 'instrument_error': None, 'num_steps': 50, 'unroll_length': 50, 'learning_rate': 0.001, 'optimizer': 'Adam', 'loss_type': 'oi', 'discount_factor': 0.97, 'opt_direction': 'min', 'policy': 'srnn', 'trainable_init': True}
2021-05-07 16:27:02,748 [WARNING] `tf.nn.rnn_cell.MultiRNNCell` is deprecated. This class is equivalent as `tf.keras.layers.StackedRNNCells`, and will be replaced by that in Tensorflow 2.0.
2021-05-07 16:27:02,774 [WARNING] From /Users/theorabut/miniforge3/envs/env-py3.8/lib/python3.8/site-packages/tensorflow/python/ops/linalg/linear_operator_lower_triangular.py:159: calling LinearOperator.__init__ (from tensorflow.python.ops.linalg.linear_operator) with graph_parents is deprecated and will be removed in a future version.
Instructions for updating:
Do not pass `graph_parents`.  They will  no longer be used.
2021-05-07 16:27:02,776 [WARNING] From /Users/theorabut/miniforge3/envs/env-py3.8/lib/python3.8/site-packages/tensorflow_probability/python/bijectors/affine_linear_operator.py:116: LinearOperator.graph_parents (from tensorflow.python.ops.linalg.linear_operator) is deprecated and will be removed in a future version.
Instructions for updating:
Do not call `graph_parents`.
2021-05-07 16:28:33,039 [INFO] {'log_path': './log/', 'save_path': './ckpt/8_dim_quad/h128_s50_srnn/', 'batch_size': 128, 'hidden_size': 128, 'num_layers': 2, 'batch_norm': False, 'reuse': False, 'num_epochs': 50000, 'log_period': 100, 'evaluation_period': 1000, 'evaluation_epochs': 20, 'reaction_type': 'quad', 'norm_cov': 0.3, 'constraints': False, 'num_params': 3, 'instrument_error': None, 'num_steps': 50, 'unroll_length': 50, 'learning_rate': 0.001, 'optimizer': 'Adam', 'loss_type': 'oi', 'discount_factor': 0.97, 'opt_direction': 'min', 'policy': 'srnn', 'trainable_init': True}
2021-05-07 16:28:33,054 [WARNING] `tf.nn.rnn_cell.MultiRNNCell` is deprecated. This class is equivalent as `tf.keras.layers.StackedRNNCells`, and will be replaced by that in Tensorflow 2.0.
2021-05-07 16:28:33,080 [WARNING] From /Users/theorabut/miniforge3/envs/env-py3.8/lib/python3.8/site-packages/tensorflow/python/ops/linalg/linear_operator_lower_triangular.py:159: calling LinearOperator.__init__ (from tensorflow.python.ops.linalg.linear_operator) with graph_parents is deprecated and will be removed in a future version.
Instructions for updating:
Do not pass `graph_parents`.  They will  no longer be used.
2021-05-07 16:28:33,082 [WARNING] From /Users/theorabut/miniforge3/envs/env-py3.8/lib/python3.8/site-packages/tensorflow_probability/python/bijectors/affine_linear_operator.py:116: LinearOperator.graph_parents (from tensorflow.python.ops.linalg.linear_operator) is deprecated and will be removed in a future version.
Instructions for updating:
Do not call `graph_parents`.
2021-05-07 16:28:58,946 [INFO] {'log_path': './log/', 'save_path': './ckpt/8_dim_quad/h128_s50_srnn/', 'batch_size': 128, 'hidden_size': 128, 'num_layers': 2, 'batch_norm': False, 'reuse': False, 'num_epochs': 50000, 'log_period': 100, 'evaluation_period': 1000, 'evaluation_epochs': 20, 'reaction_type': 'quad', 'norm_cov': 0.3, 'constraints': False, 'num_params': 3, 'instrument_error': None, 'num_steps': 50, 'unroll_length': 50, 'learning_rate': 0.001, 'optimizer': 'Adam', 'loss_type': 'oi', 'discount_factor': 0.97, 'opt_direction': 'min', 'policy': 'srnn', 'trainable_init': True}
2021-05-07 16:28:58,962 [WARNING] `tf.nn.rnn_cell.MultiRNNCell` is deprecated. This class is equivalent as `tf.keras.layers.StackedRNNCells`, and will be replaced by that in Tensorflow 2.0.
2021-05-07 16:28:58,988 [WARNING] From /Users/theorabut/miniforge3/envs/env-py3.8/lib/python3.8/site-packages/tensorflow/python/ops/linalg/linear_operator_lower_triangular.py:159: calling LinearOperator.__init__ (from tensorflow.python.ops.linalg.linear_operator) with graph_parents is deprecated and will be removed in a future version.
Instructions for updating:
Do not pass `graph_parents`.  They will  no longer be used.
2021-05-07 16:28:58,990 [WARNING] From /Users/theorabut/miniforge3/envs/env-py3.8/lib/python3.8/site-packages/tensorflow_probability/python/bijectors/affine_linear_operator.py:116: LinearOperator.graph_parents (from tensorflow.python.ops.linalg.linear_operator) is deprecated and will be removed in a future version.
Instructions for updating:
Do not call `graph_parents`.
2021-05-07 16:36:20,195 [INFO] {'log_path': './log/', 'save_path': './ckpt/8_dim_quad/h128_s50_srnn/', 'batch_size': 128, 'hidden_size': 128, 'num_layers': 2, 'batch_norm': False, 'reuse': False, 'num_epochs': 50000, 'log_period': 100, 'evaluation_period': 1000, 'evaluation_epochs': 20, 'reaction_type': 'quad', 'norm_cov': 0.3, 'constraints': False, 'num_params': 3, 'instrument_error': None, 'num_steps': 50, 'unroll_length': 50, 'learning_rate': 0.001, 'optimizer': 'Adam', 'loss_type': 'oi', 'discount_factor': 0.97, 'opt_direction': 'min', 'policy': 'srnn', 'trainable_init': True}
2021-05-07 16:36:20,212 [WARNING] `tf.nn.rnn_cell.MultiRNNCell` is deprecated. This class is equivalent as `tf.keras.layers.StackedRNNCells`, and will be replaced by that in Tensorflow 2.0.
2021-05-07 16:36:20,238 [WARNING] From /Users/theorabut/miniforge3/envs/env-py3.8/lib/python3.8/site-packages/tensorflow/python/ops/linalg/linear_operator_lower_triangular.py:159: calling LinearOperator.__init__ (from tensorflow.python.ops.linalg.linear_operator) with graph_parents is deprecated and will be removed in a future version.
Instructions for updating:
Do not pass `graph_parents`.  They will  no longer be used.
2021-05-07 16:36:20,239 [WARNING] From /Users/theorabut/miniforge3/envs/env-py3.8/lib/python3.8/site-packages/tensorflow_probability/python/bijectors/affine_linear_operator.py:116: LinearOperator.graph_parents (from tensorflow.python.ops.linalg.linear_operator) is deprecated and will be removed in a future version.
Instructions for updating:
Do not call `graph_parents`.
2021-05-07 16:37:16,778 [INFO] {'log_path': './log/', 'save_path': './ckpt/8_dim_quad/h128_s50_srnn/', 'batch_size': 128, 'hidden_size': 128, 'num_layers': 2, 'batch_norm': False, 'reuse': False, 'num_epochs': 50000, 'log_period': 100, 'evaluation_period': 1000, 'evaluation_epochs': 20, 'reaction_type': 'quad', 'norm_cov': 0.3, 'constraints': False, 'num_params': 3, 'instrument_error': None, 'num_steps': 50, 'unroll_length': 50, 'learning_rate': 0.001, 'optimizer': 'Adam', 'loss_type': 'oi', 'discount_factor': 0.97, 'opt_direction': 'min', 'policy': 'srnn', 'trainable_init': True}
2021-05-07 16:37:16,793 [WARNING] `tf.nn.rnn_cell.MultiRNNCell` is deprecated. This class is equivalent as `tf.keras.layers.StackedRNNCells`, and will be replaced by that in Tensorflow 2.0.
2021-05-07 16:37:16,819 [WARNING] From /Users/theorabut/miniforge3/envs/env-py3.8/lib/python3.8/site-packages/tensorflow/python/ops/linalg/linear_operator_lower_triangular.py:159: calling LinearOperator.__init__ (from tensorflow.python.ops.linalg.linear_operator) with graph_parents is deprecated and will be removed in a future version.
Instructions for updating:
Do not pass `graph_parents`.  They will  no longer be used.
2021-05-07 16:37:16,821 [WARNING] From /Users/theorabut/miniforge3/envs/env-py3.8/lib/python3.8/site-packages/tensorflow_probability/python/bijectors/affine_linear_operator.py:116: LinearOperator.graph_parents (from tensorflow.python.ops.linalg.linear_operator) is deprecated and will be removed in a future version.
Instructions for updating:
Do not call `graph_parents`.
2021-05-07 16:37:45,685 [INFO] {'log_path': './log/', 'save_path': './ckpt/8_dim_quad/h128_s50_srnn/', 'batch_size': 128, 'hidden_size': 128, 'num_layers': 2, 'batch_norm': False, 'reuse': False, 'num_epochs': 50000, 'log_period': 100, 'evaluation_period': 1000, 'evaluation_epochs': 20, 'reaction_type': 'quad', 'norm_cov': 0.3, 'constraints': False, 'num_params': 3, 'instrument_error': None, 'num_steps': 50, 'unroll_length': 50, 'learning_rate': 0.001, 'optimizer': 'Adam', 'loss_type': 'oi', 'discount_factor': 0.97, 'opt_direction': 'min', 'policy': 'srnn', 'trainable_init': True}
2021-05-07 16:37:45,700 [WARNING] `tf.nn.rnn_cell.MultiRNNCell` is deprecated. This class is equivalent as `tf.keras.layers.StackedRNNCells`, and will be replaced by that in Tensorflow 2.0.
2021-05-07 16:37:45,727 [WARNING] From /Users/theorabut/miniforge3/envs/env-py3.8/lib/python3.8/site-packages/tensorflow/python/ops/linalg/linear_operator_lower_triangular.py:159: calling LinearOperator.__init__ (from tensorflow.python.ops.linalg.linear_operator) with graph_parents is deprecated and will be removed in a future version.
Instructions for updating:
Do not pass `graph_parents`.  They will  no longer be used.
2021-05-07 16:37:45,728 [WARNING] From /Users/theorabut/miniforge3/envs/env-py3.8/lib/python3.8/site-packages/tensorflow_probability/python/bijectors/affine_linear_operator.py:116: LinearOperator.graph_parents (from tensorflow.python.ops.linalg.linear_operator) is deprecated and will be removed in a future version.
Instructions for updating:
Do not call `graph_parents`.
2021-05-07 16:37:46,046 [INFO] model variable:
2021-05-07 16:37:46,046 [INFO] ['w:0', 'y:0', 'x:0', 'lstm_0/w_gates:0', 'lstm_0/b_gates:0', 'lstm_1/w_gates:0', 'lstm_1/b_gates:0', 'multi_input_rnn/proj/proj_weight:0', 'multi_input_rnn/proj/proj_bias:0', 'beta1_power:0', 'beta2_power:0', 'x/Adam:0', 'x/Adam_1:0', 'lstm_0/w_gates/Adam:0', 'lstm_0/w_gates/Adam_1:0', 'lstm_0/b_gates/Adam:0', 'lstm_0/b_gates/Adam_1:0', 'lstm_1/w_gates/Adam:0', 'lstm_1/w_gates/Adam_1:0', 'lstm_1/b_gates/Adam:0', 'lstm_1/b_gates/Adam_1:0', 'multi_input_rnn/proj/proj_weight/Adam:0', 'multi_input_rnn/proj/proj_weight/Adam_1:0', 'multi_input_rnn/proj/proj_bias/Adam:0', 'multi_input_rnn/proj/proj_bias/Adam_1:0']
2021-05-07 16:37:46,046 [INFO] trainable variables:
2021-05-07 16:38:34,379 [INFO] {'log_path': './log/', 'save_path': './ckpt/8_dim_quad/h128_s50_srnn/', 'batch_size': 128, 'hidden_size': 128, 'num_layers': 2, 'batch_norm': False, 'reuse': False, 'num_epochs': 50000, 'log_period': 100, 'evaluation_period': 1000, 'evaluation_epochs': 20, 'reaction_type': 'quad', 'norm_cov': 0.3, 'constraints': False, 'num_params': 3, 'instrument_error': None, 'num_steps': 50, 'unroll_length': 50, 'learning_rate': 0.001, 'optimizer': 'Adam', 'loss_type': 'oi', 'discount_factor': 0.97, 'opt_direction': 'min', 'policy': 'srnn', 'trainable_init': True}
2021-05-07 16:38:34,394 [WARNING] `tf.nn.rnn_cell.MultiRNNCell` is deprecated. This class is equivalent as `tf.keras.layers.StackedRNNCells`, and will be replaced by that in Tensorflow 2.0.
2021-05-07 16:38:34,420 [WARNING] From /Users/theorabut/miniforge3/envs/env-py3.8/lib/python3.8/site-packages/tensorflow/python/ops/linalg/linear_operator_lower_triangular.py:159: calling LinearOperator.__init__ (from tensorflow.python.ops.linalg.linear_operator) with graph_parents is deprecated and will be removed in a future version.
Instructions for updating:
Do not pass `graph_parents`.  They will  no longer be used.
2021-05-07 16:38:34,422 [WARNING] From /Users/theorabut/miniforge3/envs/env-py3.8/lib/python3.8/site-packages/tensorflow_probability/python/bijectors/affine_linear_operator.py:116: LinearOperator.graph_parents (from tensorflow.python.ops.linalg.linear_operator) is deprecated and will be removed in a future version.
Instructions for updating:
Do not call `graph_parents`.
2021-05-07 16:38:34,737 [INFO] model variable:
2021-05-07 16:38:34,738 [INFO] ['w:0', 'y:0', 'x:0', 'lstm_0/w_gates:0', 'lstm_0/b_gates:0', 'lstm_1/w_gates:0', 'lstm_1/b_gates:0', 'multi_input_rnn/proj/proj_weight:0', 'multi_input_rnn/proj/proj_bias:0', 'beta1_power:0', 'beta2_power:0', 'x/Adam:0', 'x/Adam_1:0', 'lstm_0/w_gates/Adam:0', 'lstm_0/w_gates/Adam_1:0', 'lstm_0/b_gates/Adam:0', 'lstm_0/b_gates/Adam_1:0', 'lstm_1/w_gates/Adam:0', 'lstm_1/w_gates/Adam_1:0', 'lstm_1/b_gates/Adam:0', 'lstm_1/b_gates/Adam_1:0', 'multi_input_rnn/proj/proj_weight/Adam:0', 'multi_input_rnn/proj/proj_weight/Adam_1:0', 'multi_input_rnn/proj/proj_bias/Adam:0', 'multi_input_rnn/proj/proj_bias/Adam_1:0']
2021-05-07 16:38:34,738 [INFO] trainable variables:
2021-05-07 16:38:34,738 [INFO] ['x:0', 'lstm_0/w_gates:0', 'lstm_0/b_gates:0', 'lstm_1/w_gates:0', 'lstm_1/b_gates:0', 'multi_input_rnn/proj/proj_weight:0', 'multi_input_rnn/proj/proj_bias:0']
2021-05-07 16:38:34,738 [INFO] Creating Model with fresh parameters.
2021-05-07 16:39:26,285 [INFO] {'log_path': './log/', 'save_path': './ckpt/8_dim_quad/h128_s50_srnn/', 'batch_size': 128, 'hidden_size': 128, 'num_layers': 2, 'batch_norm': False, 'reuse': False, 'num_epochs': 50000, 'log_period': 100, 'evaluation_period': 1000, 'evaluation_epochs': 20, 'reaction_type': 'quad', 'norm_cov': 0.3, 'constraints': False, 'num_params': 3, 'instrument_error': None, 'num_steps': 50, 'unroll_length': 50, 'learning_rate': 0.001, 'optimizer': 'Adam', 'loss_type': 'oi', 'discount_factor': 0.97, 'opt_direction': 'min', 'policy': 'srnn', 'trainable_init': True}
2021-05-07 16:39:26,301 [WARNING] `tf.nn.rnn_cell.MultiRNNCell` is deprecated. This class is equivalent as `tf.keras.layers.StackedRNNCells`, and will be replaced by that in Tensorflow 2.0.
2021-05-07 16:39:26,327 [WARNING] From /Users/theorabut/miniforge3/envs/env-py3.8/lib/python3.8/site-packages/tensorflow/python/ops/linalg/linear_operator_lower_triangular.py:159: calling LinearOperator.__init__ (from tensorflow.python.ops.linalg.linear_operator) with graph_parents is deprecated and will be removed in a future version.
Instructions for updating:
Do not pass `graph_parents`.  They will  no longer be used.
2021-05-07 16:39:26,328 [WARNING] From /Users/theorabut/miniforge3/envs/env-py3.8/lib/python3.8/site-packages/tensorflow_probability/python/bijectors/affine_linear_operator.py:116: LinearOperator.graph_parents (from tensorflow.python.ops.linalg.linear_operator) is deprecated and will be removed in a future version.
Instructions for updating:
Do not call `graph_parents`.
2021-05-07 16:39:26,646 [INFO] model variable:
2021-05-07 16:39:26,646 [INFO] ['w:0', 'y:0', 'x:0', 'lstm_0/w_gates:0', 'lstm_0/b_gates:0', 'lstm_1/w_gates:0', 'lstm_1/b_gates:0', 'multi_input_rnn/proj/proj_weight:0', 'multi_input_rnn/proj/proj_bias:0', 'beta1_power:0', 'beta2_power:0', 'x/Adam:0', 'x/Adam_1:0', 'lstm_0/w_gates/Adam:0', 'lstm_0/w_gates/Adam_1:0', 'lstm_0/b_gates/Adam:0', 'lstm_0/b_gates/Adam_1:0', 'lstm_1/w_gates/Adam:0', 'lstm_1/w_gates/Adam_1:0', 'lstm_1/b_gates/Adam:0', 'lstm_1/b_gates/Adam_1:0', 'multi_input_rnn/proj/proj_weight/Adam:0', 'multi_input_rnn/proj/proj_weight/Adam_1:0', 'multi_input_rnn/proj/proj_bias/Adam:0', 'multi_input_rnn/proj/proj_bias/Adam_1:0']
2021-05-07 16:39:26,646 [INFO] trainable variables:
2021-05-07 16:39:26,646 [INFO] ['x:0', 'lstm_0/w_gates:0', 'lstm_0/b_gates:0', 'lstm_1/w_gates:0', 'lstm_1/b_gates:0', 'multi_input_rnn/proj/proj_weight:0', 'multi_input_rnn/proj/proj_bias:0']
2021-05-07 16:39:26,647 [INFO] Creating Model with fresh parameters.
